


ARM Macro Assembler    Page 1 


    1 00000000                 AREA             datos, DATA, READWRITE
    2 00000000 00000007 
              00000008 
              00000003 
              00000004 
              00000005 
              00000001 vector  DCD              7,8,3,4,5,1
    3 00000018 00000006 
                       long    EQU              6
    4 00000018 00000000 
                       contarA DCD              0
    5 0000001C 00000004 
              00000009 
              00000002 
              00000006 
              00000001 vector2 DCD              4, 9, 2, 6, 1
    6 00000030 00000005 
                       long2   EQU              5
    7 00000030 00000000 
                       contarB DCD              0
    8 00000034 00 00 00 
              00 00 00 
              00 00 00 
              00 00 00 
              00 00 00 
              00 00 00 
              00 00 00 
              00 00 00 
              00 00 00 
              00 00 00 
              00 00 00 
              00 00 00 
              00 00 00 
              00 00 00 
              00 00 00 
              00 00 00 pila    SPACE            48
    9 00000064         toPila
   10 00000064         
   11 00000064                 AREA             prog, CODE, READONLY
   12 00000000                 ENTRY
   13 00000000         
   14 00000000 E59FD100        ldr              sp, =toPila
   15 00000004         
   16 00000004 E59F5100        ldr              r5, = vector
   17 00000008 E3A06006        mov              r6,#long
   18 0000000C         
   19 0000000C E24DD004        sub              sp,sp, #4
   20 00000010 E92D0060        push{r5,r6}
   21 00000014         
   22 00000014 EB00000D        bl               sbr_burbuja
   23 00000018         
   24 00000018 E8BD0060        pop{r5,r6}
   25 0000001C E49D2004        pop{r2}
   26 00000020         
   27 00000020 E59F30E8        ldr              r3, = contarA
   28 00000024 E5832000        str              r2, [r3]
   29 00000028         
   30 00000028 E59F50E4        ldr              r5, = vector2
   31 0000002C E3A06005        mov              r6, #long2



ARM Macro Assembler    Page 2 


   32 00000030         
   33 00000030 E24DD004        sub              sp, sp, #4
   34 00000034 E92D0060        push{r5,r6}
   35 00000038 EB000019        bl               sbr_insercion
   36 0000003C         
   37 0000003C E8BD0060        pop{r5,r6}
   38 00000040 E49D2004        pop{r2}
   39 00000044         
   40 00000044 E59F30CC        ldr              r3, = contarB
   41 00000048 E5832000        str              r2, [r3]
   42 0000004C         
   43 0000004C EAFFFFFE 
                       fin     B                fin
   44 00000050         
   45 00000050         sbr_burbuja
   46 00000050         
   47 00000050 E92D007F        push{r0-r6}
   48 00000054         
   49 00000054 E59D001C        ldr              r0, [sp,#28]
   50 00000058 E59D1020        ldr              r1, [sp,#32]
   51 0000005C         
   52 0000005C E3A05001        mov              r5, #1
   53 00000060 E3A06000 
                       buc_i   mov              r6, #0
   54 00000064         
   55 00000064 E7903105 
                       buc     ldr              r3, [r0, r5,lsl #2]
   56 00000068 E7904106        ldr              r4, [r0, r6,lsl #2]
   57 0000006C         
   58 0000006C E1530004        cmp              r3, r4
   59 00000070 AA000001        bge              noCambiar
   60 00000074         
   61 00000074 E7804105        str              r4, [r0, r5,lsl #2]
   62 00000078 E7803106        str              r3, [r0, r6,lsl #2]
   63 0000007C         
   64 0000007C         noCambiar
   65 0000007C E2866001        add              r6, r6, #1
   66 00000080 E1560005        cmp              r6,r5
   67 00000084 BAFFFFF6        blt              buc
   68 00000088         
   69 00000088 E2855001        add              r5, r5, #1
   70 0000008C E1550001        cmp              r5, r1
   71 00000090 BAFFFFF2        blt              buc_i
   72 00000094 E0020695        mul              r2, r5, r6
   73 00000098 E58D2024        str              r2, [sp,#36]
   74 0000009C         
   75 0000009C E8BD007F        pop{r0-r6}
   76 000000A0 E1A0F00E        mov              pc, lr
   77 000000A4         
   78 000000A4         
   79 000000A4         sbr_insercion
   80 000000A4 E92D01F0        push{r4,r5,r6,r7,r8}
   81 000000A8 E59D3014        ldr              r3, [sp, #20]
   82 000000AC E59D1018        ldr              r1, [sp, #24]
   83 000000B0         
   84 000000B0 E3A06001        mov              r6, #1      ;r0 = r6 
   85 000000B4 E3A07000        mov              r7, #0
   86 000000B8         
   87 000000B8 E7938106 



ARM Macro Assembler    Page 3 


                       buc1    ldr              r8, [r3, r6, lsl #2]
   88 000000BC E2467001        sub              r7, r6, #1
   89 000000C0         
   90 000000C0 EA000002        b                comp
   91 000000C4         
   92 000000C4 E2874001 
                       buc2    add              r4, r7, #1
   93 000000C8 E7835104        str              r5, [r3, r4, lsl #2]
   94 000000CC         
   95 000000CC E2477001        sub              r7, r7, #1
   96 000000D0         
   97 000000D0 E3570000 
                       comp    cmp              r7, #0
   98 000000D4 BA000002        blt              buc3
   99 000000D8         
  100 000000D8 E7935107        ldr              r5, [r3, r7, lsl #2]
  101 000000DC E1550008        cmp              r5, r8
  102 000000E0 CAFFFFF7        bgt              buc2
  103 000000E4         
  104 000000E4 E2874001 
                       buc3    add              r4, r7, #1
  105 000000E8 E7838104        str              r8, [r3, r4, lsl #2]
  106 000000EC         
  107 000000EC E2866001        add              r6, r6, #1
  108 000000F0 E1560001        cmp              r6, r1
  109 000000F4 BAFFFFEF        blt              buc1
  110 000000F8         
  111 000000F8 E0020796        mul              r2, r6, r7
  112 000000FC E58D201C        str              r2, [sp,#28]
  113 00000100         
  114 00000100 E8BD01F0        pop{r4,r5,r6,r7,r8}
  115 00000104 E1A0F00E        mov              pc, lr
  116 00000108         
  117 00000108                 END
              00000000 
              00000000 
              00000000 
              00000000 
              00000000 
Command Line: --debug --xref --apcs=interwork --depend=practica2_2.d -opractica
2_2.o -IC:\Keil\ARM\INC -IC:\Keil\ARM\INC\Philips --predefine="__EVAL SETA 1" -
-list=practica2_2.lst practica2_2.s



ARM Macro Assembler    Page 1 Alphabetic symbol ordering
Relocatable symbols

contarA 00000018

Symbol: contarA
   Definitions
      At line 4 in file practica2_2.s
   Uses
      At line 27 in file practica2_2.s
Comment: contarA used once
contarB 00000030

Symbol: contarB
   Definitions
      At line 7 in file practica2_2.s
   Uses
      At line 40 in file practica2_2.s
Comment: contarB used once
datos 00000000

Symbol: datos
   Definitions
      At line 1 in file practica2_2.s
   Uses
      None
Comment: datos unused
pila 00000034

Symbol: pila
   Definitions
      At line 8 in file practica2_2.s
   Uses
      None
Comment: pila unused
toPila 00000064

Symbol: toPila
   Definitions
      At line 9 in file practica2_2.s
   Uses
      At line 14 in file practica2_2.s
Comment: toPila used once
vector 00000000

Symbol: vector
   Definitions
      At line 2 in file practica2_2.s
   Uses
      At line 16 in file practica2_2.s
Comment: vector used once
vector2 0000001C

Symbol: vector2
   Definitions
      At line 5 in file practica2_2.s
   Uses
      At line 30 in file practica2_2.s
Comment: vector2 used once
7 symbols



ARM Macro Assembler    Page 1 Alphabetic symbol ordering
Relocatable symbols

buc 00000064

Symbol: buc
   Definitions
      At line 55 in file practica2_2.s
   Uses
      At line 67 in file practica2_2.s
Comment: buc used once
buc1 000000B8

Symbol: buc1
   Definitions
      At line 87 in file practica2_2.s
   Uses
      At line 109 in file practica2_2.s
Comment: buc1 used once
buc2 000000C4

Symbol: buc2
   Definitions
      At line 92 in file practica2_2.s
   Uses
      At line 102 in file practica2_2.s
Comment: buc2 used once
buc3 000000E4

Symbol: buc3
   Definitions
      At line 104 in file practica2_2.s
   Uses
      At line 98 in file practica2_2.s
Comment: buc3 used once
buc_i 00000060

Symbol: buc_i
   Definitions
      At line 53 in file practica2_2.s
   Uses
      At line 71 in file practica2_2.s
Comment: buc_i used once
comp 000000D0

Symbol: comp
   Definitions
      At line 97 in file practica2_2.s
   Uses
      At line 90 in file practica2_2.s
Comment: comp used once
fin 0000004C

Symbol: fin
   Definitions
      At line 43 in file practica2_2.s
   Uses
      At line 43 in file practica2_2.s
Comment: fin used once
noCambiar 0000007C

Symbol: noCambiar



ARM Macro Assembler    Page 2 Alphabetic symbol ordering
Relocatable symbols

   Definitions
      At line 64 in file practica2_2.s
   Uses
      At line 59 in file practica2_2.s
Comment: noCambiar used once
prog 00000000

Symbol: prog
   Definitions
      At line 11 in file practica2_2.s
   Uses
      None
Comment: prog unused
sbr_burbuja 00000050

Symbol: sbr_burbuja
   Definitions
      At line 45 in file practica2_2.s
   Uses
      At line 22 in file practica2_2.s
Comment: sbr_burbuja used once
sbr_insercion 000000A4

Symbol: sbr_insercion
   Definitions
      At line 79 in file practica2_2.s
   Uses
      At line 35 in file practica2_2.s
Comment: sbr_insercion used once
11 symbols



ARM Macro Assembler    Page 1 Alphabetic symbol ordering
Absolute symbols

long 00000006

Symbol: long
   Definitions
      At line 3 in file practica2_2.s
   Uses
      At line 17 in file practica2_2.s
Comment: long used once
long2 00000005

Symbol: long2
   Definitions
      At line 6 in file practica2_2.s
   Uses
      At line 31 in file practica2_2.s
Comment: long2 used once
2 symbols
346 symbols in table
