


ARM Macro Assembler    Page 1 


    1 00000000                 AREA             datos, DATA, READWRITE
    2 00000000 00000004 
              00000006 
              00000002 
              00000009 
              00000007 
              00000003 
              00000001 
              00000008 T       DCD              4,6,2,9,7,3,1,8
    3 00000020 0000000A 
                       n       EQU              10
    4 00000020         
    5 00000020 00 00 00 
              00 00 00 
              00 00 00 
              00 00 00 
              00 00 00 
              00 00 00 
              00 00 00 
              00 00 00 
              00 00 00 
              00 00 00 
              00 00 00 
              00 00 00 
              00 00 00 
              00 00 00 
              00 00 00 
              00 00 00 
              00 00 00 
              00 00 00 
              00 00 00 
              00 00 00 
              00 00 00 
              00 00 00 
              00 00 00 
              00 00 00 
              00 00 00 
              00 00 00 
              00 00 00 
              00 00 00 
              00 00 00 
              00 00 00 
              00 00 00 
              00 00 00 
              00 00 00 
              00 00 00 
              00 00 00 
              00 00 00 
              00 00 00 
              00 00 00 
              00 00 00 
              00 00 00 
              00 00 00 
              00 00 00 
              00 00 00 
              00 00 00 
              00 00 00 
              00 00 00 
              00 00 00 



ARM Macro Assembler    Page 2 


              00 00 00 
              00 00 00 
              00 00 00 
              00 00 00 
              00 00 00 
              00 00 00 
              00 00 00 
              00 00 00 
              00 00 00 
              00 00 00 
              00 00 00 
              00 00 00 
              00 00 00 
              00 00 00 
              00 00 00 
              00 00 00 
              00 00 00 
              00 00 00 
              00 00 00 
              00 00 00 
              00 00 00 
              00 00 00 
              00 00 00 
              00 00 00 
              00 00 00 
              00 00 00 
              00 00 00 
              00 00 00 
              00 00 00 
              00 00 00 
              00 00 00 
              00 00 00 
              00 00 00 
              00 00 00 
              00 00 00 
              00 00 00 
              00 00 00 
              00 00 00 
              00 00 00 
              00 00 00 
              00 00 00 
              00 00 00 
              00 00 00 
              00 00 00 
              00 00 00 
              00 00 00 
              00 00 00 
              00 00 00 
              00 00 00 
              00 00 00 
              00 00 00 
              00 00 00 
              00 00 00 
              00 00 00 
              00 00 00 
              00 00 00 
              00 00 00 
              00 00 00 
              00 00 00 



ARM Macro Assembler    Page 3 


              00 00 00 
              00 00 00 
              00 00 00 
              00 00 00 
              00 00 00 
              00 00 00 
              00 00 00 
              00 00 00 
              00 00 00 
              00 00 00 
              00 00 00 
              00 00 00 
              00 00 00 
              00 00 00 
              00 00 00 
              00 00 00 
              00 00 00 
              00 00 00 
              00 00 00 
              00 00 00 
              00 00 00 
              00 00 00 
              00 00 00 
              00 00 00 
              00 00 00 
              00 00 00 
              00 00 00 
              00 00 00 
              00 00 00 
              00 00 00 
              00 00 00 
              00 00 00 
              00 00 00 
              00 00 00 
              00 00 00 
              00 00 00 
              00 00 00 
              00 00 00 
              00 00 00 
              00 00 00 
              00 00 00 
              00 00 00 
              00 00 00 
              00 00 00 
              00 00 00 
              00 00 00 
              00 00 00 
              00 00 00 
              00 00 00 
              00 00 00 
              00 00 00 
              00 00 00 
              00 00 00 
              00 00 00 
              00 00 00 
              00 00 00 
              00 00 00 
              00 00 00 
              00 00 00 



ARM Macro Assembler    Page 4 


              00 00 00 
              00 00 00 
              00 00 00 
              00 00 00 
              00 00 00 
              00 00 00 
              00 00 00 
              00 00 00 
              00 00 00 
              00 00 00 
              00 00 00 
              00 00 00 
              00 00 00 
              00 00 00 
              00 00 00 
              00 00 00 
              00 00 00 
              00 00 00 
              00 00 00 
              00 00 00 
              00 00 00 
              00 00 00 
              00 00 00 
              00 00 00 
              00 00 00 
              00 00 00 
              00 00 00 
              00 00 00 
              00 00 00 
              00 00 00 
              00 00 00 
              00 00 00 
              00 00 00 
              00 00 00 
              00 00 00 
              00 00 00 
              00 00 00 
              00 00 00 
              00 00 00 
              00 00 00 
              00 00 00 
              00 00 00 
              00 00 00 
              00 00 00 
              00 00 00 
              00 00 00 
              00 00 00 
              00 00 00 
              00 00 00 
              00 00 00 
              00 00 00 
              00 00 00 
              00 00 00 
              00 00 00 
              00 00 00 
              00 00 00 
              00 00 00 
              00 00 00 
              00 00 00 



ARM Macro Assembler    Page 5 


              00 00 00 
              00 00 00 
              00 00 00 
              00 00 00 
              00 00 00 
              00 00 00 
              00 00 00 
              00 00 00 
              00 00 00 
              00 00 00 
              00 00 00 
              00 00 00 
              00 00 00 
              00 00 00 
              00 00 00 
              00 00 00 
              00 00 00 
              00 00 00 
              00 00 00 
              00 00 00 
              00 00 00 
              00 00 00 
              00 00 00 
              00 00 00 
              00 00 00 
              00 00 00 
              00 00 00 
              00 00 00 
              00 00 00 
              00 00 00 
              00 00 00 
              00 00 00 
              00 00 00 
              00 00 00 
              00 00 00 
              00 00 00 
              00 00 00 
              00 00 00 
              00 00 00 
              00 00 00 
              00 00 00 
              00 00 00 
              00 00 00 
              00 00 00 
              00 00 00 
              00 00 00 
              00 00 00 
              00 00 00 
              00 00 00 
              00 00 00 
              00 00 00 
              00 00 00 
              00 00 00 
              00 00 00 
              00 00 00 
              00 00 00 
              00 00 00 
              00 00 00 
              00 00 00 



ARM Macro Assembler    Page 6 


              00 00 00 
              00 00 00 
              00 00 00 
              00 00 00 
              00 00 00 
              00 00 00 
              00 00 00 
              00 00 00 
              00 00 00 
              00 00 00 
              00 00 00 
              00 00 00 
              00 00 00 
              00 00 00 
              00 00 00 
              00 00 00 
              00 00 00 
              00 00 00 
              00 00 00 
              00 00 00 
              00 00 00 
              00 00 00 
              00 00 00 
              00 00 00 
              00 00 00 
              00 00 00 
              00 00 00 
              00 00 00 
              00 00 00 
              00 00 00 
              00 00 00 
              00 00 00 
              00 00 00 
              00 00 00 
              00 00 00 
              00 00 00 
              00 00 00 
              00 00 00 
              00 00 00 
              00 00 00 
              00 00 00 
              00 00 00 
              00 00 00 
              00 00 00 
              00 00 00 
              00 00 00 
              00 00 00 
              00 00 00 
              00 00 00 
              00 00 00 
              00 00 00 
              00 00 00 
              00 00 00 
              00 00 00 
              00 00 00 
              00 00 00 
              00 00 00 
              00 00 00 
              00 00 00 



ARM Macro Assembler    Page 7 


              00 00 00 
              00 00 00 
              00 00 00 
              00 00 00 
              00 00 00 
              00 00 00 
              00 00 00 
              00 00 00 
              00 00 00 
              00 00 00 
              00 00 00 
              00 00 00 
              00 00 00 
              00 00 00 
              00 00 00 
              00 00 00 
              00 00 00 
              00 00 00 
              00 00 00 
              00 00 00 
              00 00 00 
              00 00 00 
              00 00 00 
              00 00 00 
              00 00 00 
              00 00 00 
              00 00 00 
              00 00 00 
              00 00 00 
              00 00 00 
              00 00 00 
              00 00 00 
              00 00 00 
              00 00 00 
              00 00 00 
              00 00 00 
              00 00 00 
              00 00 00 
              00 00 00 
              00 00 00 
              00 00 00 
              00 00 00 
              00 00 00 
              00 00 00 
              00 00 00 
              00 00 00 
              00 00 00 
              00 00 00 
              00 00 00 
              00 00 00 
              00 00 00 
              00 00 00 
              00 00 00 
              00 00 00 
              00 00 00 
              00 00 00 
              00 00 00 
              00 00 00 
              00 00 00 



ARM Macro Assembler    Page 8 


              00 00 00 
              00 00 00 
              00 00 00 
              00 00 00 
              00 00 00 
              00 00 00 
              00 00 00 
              00 00 00 
              00 00 00 
              00 00 00 
              00 00 00 
              00 00 00 
              00 00 00 
              00 00 00 
              00 00 00 
              00 00 00 
              00 00 00 
              00 00 00 
              00 00 00 
              00 00 00 
              00 00 00 
              00 00 00 
              00 00 00 
              00 00 00 
              00 00 00 
              00 00 00 
              00 00 00 
              00 00 00 
              00 00 00 
              00 00 00 
              00 00 00 
              00 00 00 
              00 00 00 
              00 00 00 
              00 00 00 
              00 00 00 
              00 00 00 
              00 00 00 
              00 00 00 
              00 00 00 
              00 00 00 
              00 00 00 
              00 00 00 
              00 00 00 
              00 00 00 
              00 00 00 
              00 00 00 
              00 00 00 
              00 00 00 
              00 00 00 
              00 00 00 
              00 00 00 
              00 00 00 
              00 00 00 
              00 00 00 
              00 00 00 
              00 00 00 
              00 00 00 
              00 00 00 



ARM Macro Assembler    Page 9 


              00 00 00 
              00 00 00 
              00 00 00 
              00 00 00 
              00 00 00 
              00 00 00 
              00 00 00 
              00 00 00 
              00 00 00 
              00 00 00 
              00 00 00 
              00 00 00 
              00 00 00 
              00 00 00 
              00 00 00 
              00 00 00 
              00 00 00 
              00 00 00 
              00 00 00 
              00 00 00 
              00 00 00 
              00 00 00 
              00 00 00 
              00 00 00 
              00 00 00 
              00 00 00 
              00 00 00 
              00 00 00 
              00 00 00 
              00 00 00 
              00 00 00 
              00 00 00 
              00 00 00 
              00 00 00 
              00 00 00 
              00 00 00 
              00 00 00 
              00 00 00 
              00 00 00 
              00 00 00 
              00 00 00 
              00 00 00 
              00 00 00 
              00 00 00 
              00 00 00 
              00 00 00 
              00 00 00 
              00 00 00 
              00 00 00 
              00 00 00 
              00 00 00 
              00 00 00 
              00 00 00 
              00 00 00 
              00 00 00 
              00 00 00 
              00 00 00 
              00 00 00 
              00 00 00 



ARM Macro Assembler    Page 10 


              00 00 00 
              00 00 00 
              00 00 00 
              00 00 00 
              00 00 00 
              00 00 00 
              00 00 00 
              00 00 00 
              00 00 00 
              00 00 00 
              00 00 00 
              00 00 00 
              00 00 00 
              00 00 00 
              00 00 00 
              00 00 00 
              00 00 00 
              00 00 00 
              00 00 00 
              00 00 00 
              00 00 00 
              00 00 00 
              00 00 00 
              00 00 00 
              00 00 00 
              00 00 00 
              00 00 00 
              00 00 00 
              00 00 00 
              00 00 00 
              00 00 00 
              00 00 00 
              00 00 00 
              00 00 00 
              00 00 00 
              00 00 00 
              00 00 00 
              00 00 00 
              00 00 00 
              00 00 00 
              00 00 00 
              00 00 00 
              00 00 00 
              00 00 00 
              00 00 00 
              00 00 00 
              00 00 00 
              00 00 00 
              00 00 00 
              00 00 00 
              00 00 00 
              00 00 00 
              00 00 00 
              00 00 00 
              00 00 00 
              00 00 00 
              00 00 00 
              00 00 00 
              00 00 00 



ARM Macro Assembler    Page 11 


              00 00 00 
              00 00 00 
              00 00 00 
              00 00 00 
              00 00 00 
              00 00 00 
              00 00 00 
              00 00 00 
              00 00 00 
              00 00 00 
              00 00 00 
              00 00 00 
              00 00 00 
              00 00 00 
              00 00 00 
              00 00 00 
              00 00 00 
              00 00 00 
              00 00 00 
              00 00 00 
              00 00 00 
              00 00 00 
              00 00 00 
              00 00 00 
              00 00 00 
              00 00 00 
              00 00 00 
              00 00 00 
              00 00 00 
              00 00 00 
              00 00 00 
              00 00 00 
              00 00 00 
              00 00 00 
              00 00 00 
              00 00 00 
              00 00 00 
              00 00 00 
              00 00 00 
              00 00 00 
              00 00 00 
              00 00 00 
              00 00 00 
              00 00 00 
              00 00 00 
              00 00 00 
              00 00 00 
              00 00 00 
              00 00 00 
              00 00 00 
              00 00 00 
              00 00 00 
              00 00 00 
              00 00 00 
              00 00 00 
              00 00 00 
              00 00 00 
              00 00 00 
              00 00 00 



ARM Macro Assembler    Page 12 


              00 00 00 
              00 00 00 
              00 00 00 
              00 00 00 
              00 00 00 
              00 00 00 
              00 00 00 
              00 00 00 
              00 00 00 
              00 00 00 
              00 00 00 
              00 00 00 
              00 00 00 
              00 00 00 
              00 00 00 
              00 00 00 
              00 00 00 
              00 00 00 
              00 00 00 
              00 00 00 
              00 00 00 
              00 00 00 
              00 00 00 
              00 00 00 
              00 00 00 
              00 00 00 
              00 00 00 
              00 00 00 
              00 00 00 
              00 00 00 
              00 00 00 
              00 00 00 
              00 00 00 
              00 00 00 
              00 00 00 
              00 00 00 
              00 00 00 
              00 00 00 
              00 00 00 
              00 00 00 
              00 00 00 
              00 00 00 
              00 00 00 
              00 00 00 
              00 00 00 
              00 00    pila    SPACE            2048
    6 00000820         toPila
    7 00000820         
    8 00000820                 AREA             prog, CODE, READONLY
    9 00000000         
   10 00000000                 ENTRY
   11 00000000 E59FD0C8        ldr              sp, =toPila
   12 00000004         
   13 00000004 E3A0100A        mov              r1, #n
   14 00000008 E59F00C4        ldr              r0, =T
   15 0000000C EB000000        bl               SBR_ORDENA
   16 00000010         
   17 00000010         
   18 00000010         



ARM Macro Assembler    Page 13 


   19 00000010 EAFFFFFE 
                       fin     b                fin
   20 00000014         
   21 00000014         SBR_ORDENA
   22 00000014 E92D400C        push             {r2,r3,lr}
   23 00000018         
   24 00000018 E3A02000        mov              r2, #0
   25 0000001C E2413001        sub              r3, r1, #1
   26 00000020         
   27 00000020 E92D000C        push             {r2, r3}
   28 00000024 EB000001        bl               SBR_QSORT
   29 00000028 E8BD000C        pop              {r2, r3}
   30 0000002C         
   31 0000002C E8BD800C        pop              {r2,r3,pc}
   32 00000030         
   33 00000030         
   34 00000030         
   35 00000030         SBR_QSORT
   36 00000030 E92D41FC        push             {r2-r8,lr}
   37 00000034         
   38 00000034 E59D7020        ldr              r7, [sp, #32]
   39 00000038 E59D8024        ldr              r8, [sp, #36]
   40 0000003C         
   41 0000003C E1A02007        mov              r2, r7
   42 00000040 E1A03008        mov              r3, r8
   43 00000044         
   44 00000044 E0874008        add              r4, r7, r8
   45 00000048 E1A050A4        mov              r5, r4, lsr #1
   46 0000004C         
   47 0000004C         
   48 0000004C E7904105        ldr              r4, [r0, r5, lsl #2]
   49 00000050         
   50 00000050         buc4
   51 00000050 EA000000        b                tst1
   52 00000054         
   53 00000054         
   54 00000054 E2822001 
                       buc2    add              r2, r2, #1
   55 00000058         
   56 00000058 E7905102 
                       tst1    ldr              r5, [r0, r2, lsl #2]
   57 0000005C E1550004        cmp              r5, r4
   58 00000060 BAFFFFFB        blt              buc2
   59 00000064         
   60 00000064         
   61 00000064         
   62 00000064 EA000000        b                tst2
   63 00000068 E2433001 
                       buc3    sub              r3, r3, #1
   64 0000006C         
   65 0000006C E7906103 
                       tst2    ldr              r6, [r0, r3, lsl #2]
   66 00000070 E1540006        cmp              r4,r6
   67 00000074 BAFFFFFB        blt              buc3
   68 00000078         
   69 00000078 E1520003        cmp              r2, r3
   70 0000007C CA000005        bgt              skip
   71 00000080         
   72 00000080 E7905102        ldr              r5, [r0, r2, lsl #2]



ARM Macro Assembler    Page 14 


   73 00000084 E7906103        ldr              r6, [r0, r3, lsl #2]
   74 00000088 E7806102        str              r6, [r0, r2, lsl #2]
   75 0000008C E7805103        str              r5, [r0, r3, lsl #2]
   76 00000090         
   77 00000090 E2822001        add              r2, r2, #1
   78 00000094 E2433001        sub              r3, r3, #1
   79 00000098         
   80 00000098 E1520003 
                       skip    cmp              r2, r3
   81 0000009C DAFFFFEB        ble              buc4
   82 000000A0         
   83 000000A0 E1570003        cmp              r7, r3
   84 000000A4 AA000003        bge              skip2
   85 000000A8         
   86 000000A8         
   87 000000A8         
   88 000000A8 E52D3004        push             {r3}
   89 000000AC E52D7004        push{r7}
   90 000000B0 EBFFFFDE        bl               SBR_QSORT
   91 000000B4 E28DD008        add              sp, sp, #8
   92 000000B8         ;pop{r7}
   93 000000B8         ;pop{r3}
   94 000000B8         
   95 000000B8         
   96 000000B8 E1520008 
                       skip2   cmp              r2, r8
   97 000000BC AA000002        bge              skip3
   98 000000C0         
   99 000000C0 E92D0104        push             {r2, r8}
  100 000000C4 EBFFFFD9        bl               SBR_QSORT
  101 000000C8 E8BD0104        pop              {r2, r8}
  102 000000CC         
  103 000000CC         skip3
  104 000000CC E8BD81FC        pop              {r2-r8,pc}
  105 000000D0         
  106 000000D0                 END
              00000000 
              00000000 
Command Line: --debug --xref --apcs=interwork --depend=.\practica3.d -o.\practi
ca3.o -IC:\Keil\ARM\INC -IC:\Keil\ARM\INC\Philips --predefine="__EVAL SETA 1" -
-list=.\practica3.lst ..\..\..\..\..\..\..\..\Downloads\practica3.s



ARM Macro Assembler    Page 1 Alphabetic symbol ordering
Relocatable symbols

T 00000000

Symbol: T
   Definitions
      At line 2 in file ..\..\..\..\..\..\..\..\Downloads\practica3.s
   Uses
      At line 14 in file ..\..\..\..\..\..\..\..\Downloads\practica3.s
Comment: T used once
datos 00000000

Symbol: datos
   Definitions
      At line 1 in file ..\..\..\..\..\..\..\..\Downloads\practica3.s
   Uses
      None
Comment: datos unused
pila 00000020

Symbol: pila
   Definitions
      At line 5 in file ..\..\..\..\..\..\..\..\Downloads\practica3.s
   Uses
      None
Comment: pila unused
toPila 00000820

Symbol: toPila
   Definitions
      At line 6 in file ..\..\..\..\..\..\..\..\Downloads\practica3.s
   Uses
      At line 11 in file ..\..\..\..\..\..\..\..\Downloads\practica3.s
Comment: toPila used once
4 symbols



ARM Macro Assembler    Page 1 Alphabetic symbol ordering
Relocatable symbols

SBR_ORDENA 00000014

Symbol: SBR_ORDENA
   Definitions
      At line 21 in file ..\..\..\..\..\..\..\..\Downloads\practica3.s
   Uses
      At line 15 in file ..\..\..\..\..\..\..\..\Downloads\practica3.s
Comment: SBR_ORDENA used once
SBR_QSORT 00000030

Symbol: SBR_QSORT
   Definitions
      At line 35 in file ..\..\..\..\..\..\..\..\Downloads\practica3.s
   Uses
      At line 28 in file ..\..\..\..\..\..\..\..\Downloads\practica3.s
      At line 90 in file ..\..\..\..\..\..\..\..\Downloads\practica3.s
      At line 100 in file ..\..\..\..\..\..\..\..\Downloads\practica3.s

buc2 00000054

Symbol: buc2
   Definitions
      At line 54 in file ..\..\..\..\..\..\..\..\Downloads\practica3.s
   Uses
      At line 58 in file ..\..\..\..\..\..\..\..\Downloads\practica3.s
Comment: buc2 used once
buc3 00000068

Symbol: buc3
   Definitions
      At line 63 in file ..\..\..\..\..\..\..\..\Downloads\practica3.s
   Uses
      At line 67 in file ..\..\..\..\..\..\..\..\Downloads\practica3.s
Comment: buc3 used once
buc4 00000050

Symbol: buc4
   Definitions
      At line 50 in file ..\..\..\..\..\..\..\..\Downloads\practica3.s
   Uses
      At line 81 in file ..\..\..\..\..\..\..\..\Downloads\practica3.s
Comment: buc4 used once
fin 00000010

Symbol: fin
   Definitions
      At line 19 in file ..\..\..\..\..\..\..\..\Downloads\practica3.s
   Uses
      At line 19 in file ..\..\..\..\..\..\..\..\Downloads\practica3.s
Comment: fin used once
prog 00000000

Symbol: prog
   Definitions
      At line 8 in file ..\..\..\..\..\..\..\..\Downloads\practica3.s
   Uses
      None
Comment: prog unused
skip 00000098



ARM Macro Assembler    Page 2 Alphabetic symbol ordering
Relocatable symbols


Symbol: skip
   Definitions
      At line 80 in file ..\..\..\..\..\..\..\..\Downloads\practica3.s
   Uses
      At line 70 in file ..\..\..\..\..\..\..\..\Downloads\practica3.s
Comment: skip used once
skip2 000000B8

Symbol: skip2
   Definitions
      At line 96 in file ..\..\..\..\..\..\..\..\Downloads\practica3.s
   Uses
      At line 84 in file ..\..\..\..\..\..\..\..\Downloads\practica3.s
Comment: skip2 used once
skip3 000000CC

Symbol: skip3
   Definitions
      At line 103 in file ..\..\..\..\..\..\..\..\Downloads\practica3.s
   Uses
      At line 97 in file ..\..\..\..\..\..\..\..\Downloads\practica3.s
Comment: skip3 used once
tst1 00000058

Symbol: tst1
   Definitions
      At line 56 in file ..\..\..\..\..\..\..\..\Downloads\practica3.s
   Uses
      At line 51 in file ..\..\..\..\..\..\..\..\Downloads\practica3.s
Comment: tst1 used once
tst2 0000006C

Symbol: tst2
   Definitions
      At line 65 in file ..\..\..\..\..\..\..\..\Downloads\practica3.s
   Uses
      At line 62 in file ..\..\..\..\..\..\..\..\Downloads\practica3.s
Comment: tst2 used once
12 symbols



ARM Macro Assembler    Page 1 Alphabetic symbol ordering
Absolute symbols

n 0000000A

Symbol: n
   Definitions
      At line 3 in file ..\..\..\..\..\..\..\..\Downloads\practica3.s
   Uses
      At line 13 in file ..\..\..\..\..\..\..\..\Downloads\practica3.s
Comment: n used once
1 symbol
343 symbols in table
