


ARM Macro Assembler    Page 1 


    1 00000000                 AREA             datos, DATA, READWRITE
    2 00000000 00000007 
              00000008 
              00000003 
              00000004 
              00000005 
              00000001 
              00000003 
              00000004 
              00000005 
              00000007 vector  DCD              7,8,3,4,5,1,3,4,5,7
    3 00000028 0000000A 
                       tamanio EQU              10
    4 00000028         
    5 00000028 00 00 00 
              00 00 00 
              00 00 00 
              00 00 00 
              00 00 00 
              00 00 00 
              00 00 00 
              00 00 00 
              00 00 00 
              00 00 00 
              00 00 00 
              00 00 00 
              00 00 00 
              00 00 00 
              00 00 00 
              00 00 00 pila    SPACE            48
    6 00000058         topila
    7 00000058         
    8 00000058                 AREA             prog, CODE, READONLY
    9 00000000                 ENTRY
   10 00000000 E59FD0D0        ldr              sp, =topila
   11 00000004 E59F00D0        ldr              r0, =vector
   12 00000008 E3A0100A        mov              r1,#tamanio
   13 0000000C         
   14 0000000C E92D0003        push             {r0,r1}
   15 00000010 EB000001        bl               SBR_ORDENA
   16 00000014 E8BD0003        pop              {r0,r1}
   17 00000018         
   18 00000018 EAFFFFFE 
                       fin     b                fin
   19 0000001C         
   20 0000001C         SBR_ORDENA
   21 0000001C E92D401D        push             {r0,r2-r4,lr}
   22 00000020         
   23 00000020 E59D2014        ldr              r2,[sp, #20]
   24 00000024 E59D0010        ldr              r0,[sp, #16]
   25 00000028         
   26 00000028 E2423001        sub              r3,r2,#1
   27 0000002C E3A04000        mov              r4,#0
   28 00000030         
   29 00000030 E92D0018        push             {r3,r4}
   30 00000034 EB000001        bl               SBR_QSORT
   31 00000038 E8BD0018        pop              {r3,r4}
   32 0000003C E8BD801D        pop              {r0,r2-r4,pc}
   33 00000040         



ARM Macro Assembler    Page 2 


   34 00000040         SBR_QSORT
   35 00000040 E92D03FC        push             {r2-r9}
   36 00000044         
   37 00000044 E59D2004        ldr              r2,[sp, #4] ; j
   38 00000048 E59D3008        ldr              r3,[sp, #8] ; i 
   39 0000004C         
   40 0000004C E1A09002        mov              r9,r2
   41 00000050 E1A08003        mov              r8,r3
   42 00000054         
   43 00000054 E0824003        add              r4,r2,r3
   44 00000058 E08550A4        add              r5,r4,lsr #1
   45 0000005C         
   46 0000005C E7904105        ldr              r4,[r0,r5,lsl #2]
   47 00000060         
   48 00000060         dowhile
   49 00000060 EA000000        b                buc
   50 00000064         
   51 00000064 E2833001 
                       buc1    add              r3,r3,#1
   52 00000068         
   53 00000068 E7906103 
                       buc     ldr              r6,[r0,r3,lsl #2]
   54 0000006C E1540006        cmp              r4,r6
   55 00000070 AAFFFFFB        bge              buc1
   56 00000074         
   57 00000074 EA000000        b                bucc
   58 00000078         
   59 00000078 E2422001 
                       bucb    sub              r2,r2,#1
   60 0000007C         
   61 0000007C E7907102 
                       bucc    ldr              r7,[r0,r2,lsl #2]
   62 00000080 E1540007        cmp              r4,r7
   63 00000084 DAFFFFFB        ble              bucb
   64 00000088         
   65 00000088 E1530002        cmp              r3,r2
   66 0000008C DA000003        ble              salto
   67 00000090         
   68 00000090 E7806102        str              r6,[r0,r2,lsl #2]
   69 00000094 E7807103        str              r7,[r0,r3,lsl #2]
   70 00000098         
   71 00000098 E2822001        add              r2,r2,#1
   72 0000009C E2433001        sub              r3,r3,#1
   73 000000A0         
   74 000000A0 E1530002 
                       salto   cmp              r3,r2
   75 000000A4 DAFFFFED        ble              dowhile
   76 000000A8         
   77 000000A8 E1580003        cmp              r8,r3
   78 000000AC AA000002        bge              salto2
   79 000000B0         
   80 000000B0 E92D0108        push             {r8, r3}
   81 000000B4 EBFFFFE1        bl               SBR_QSORT
   82 000000B8 E8BD0108        pop              {r8, r3}
   83 000000BC         
   84 000000BC E1520009 
                       salto2  cmp              r2,r9
   85 000000C0 AA000002        bge              salto3
   86 000000C4         



ARM Macro Assembler    Page 3 


   87 000000C4 E92D0204        push             {r2,r9}
   88 000000C8 EBFFFFDC        bl               SBR_QSORT
   89 000000CC E8BD0204        pop              {r2, r9}
   90 000000D0         
   91 000000D0 E8BD03FC 
                       salto3  pop              {r2-r9}
   92 000000D4 E1A0F00E        mov              pc,lr
   93 000000D8                 END
              00000000 
              00000000 
Command Line: --debug --xref --apcs=interwork --depend=p5.d -op5.o -IC:\Keil\AR
M\INC -IC:\Keil\ARM\INC\Philips --predefine="__EVAL SETA 1" --list=p5.lst p5.s



ARM Macro Assembler    Page 1 Alphabetic symbol ordering
Relocatable symbols

datos 00000000

Symbol: datos
   Definitions
      At line 1 in file p5.s
   Uses
      None
Comment: datos unused
pila 00000028

Symbol: pila
   Definitions
      At line 5 in file p5.s
   Uses
      None
Comment: pila unused
topila 00000058

Symbol: topila
   Definitions
      At line 6 in file p5.s
   Uses
      At line 10 in file p5.s
Comment: topila used once
vector 00000000

Symbol: vector
   Definitions
      At line 2 in file p5.s
   Uses
      At line 11 in file p5.s
Comment: vector used once
4 symbols



ARM Macro Assembler    Page 1 Alphabetic symbol ordering
Relocatable symbols

SBR_ORDENA 0000001C

Symbol: SBR_ORDENA
   Definitions
      At line 20 in file p5.s
   Uses
      At line 15 in file p5.s
Comment: SBR_ORDENA used once
SBR_QSORT 00000040

Symbol: SBR_QSORT
   Definitions
      At line 34 in file p5.s
   Uses
      At line 30 in file p5.s
      At line 81 in file p5.s
      At line 88 in file p5.s

buc 00000068

Symbol: buc
   Definitions
      At line 53 in file p5.s
   Uses
      At line 49 in file p5.s
Comment: buc used once
buc1 00000064

Symbol: buc1
   Definitions
      At line 51 in file p5.s
   Uses
      At line 55 in file p5.s
Comment: buc1 used once
bucb 00000078

Symbol: bucb
   Definitions
      At line 59 in file p5.s
   Uses
      At line 63 in file p5.s
Comment: bucb used once
bucc 0000007C

Symbol: bucc
   Definitions
      At line 61 in file p5.s
   Uses
      At line 57 in file p5.s
Comment: bucc used once
dowhile 00000060

Symbol: dowhile
   Definitions
      At line 48 in file p5.s
   Uses
      At line 75 in file p5.s
Comment: dowhile used once
fin 00000018



ARM Macro Assembler    Page 2 Alphabetic symbol ordering
Relocatable symbols


Symbol: fin
   Definitions
      At line 18 in file p5.s
   Uses
      At line 18 in file p5.s
Comment: fin used once
prog 00000000

Symbol: prog
   Definitions
      At line 8 in file p5.s
   Uses
      None
Comment: prog unused
salto 000000A0

Symbol: salto
   Definitions
      At line 74 in file p5.s
   Uses
      At line 66 in file p5.s
Comment: salto used once
salto2 000000BC

Symbol: salto2
   Definitions
      At line 84 in file p5.s
   Uses
      At line 78 in file p5.s
Comment: salto2 used once
salto3 000000D0

Symbol: salto3
   Definitions
      At line 91 in file p5.s
   Uses
      At line 85 in file p5.s
Comment: salto3 used once
12 symbols



ARM Macro Assembler    Page 1 Alphabetic symbol ordering
Absolute symbols

tamanio 0000000A

Symbol: tamanio
   Definitions
      At line 3 in file p5.s
   Uses
      At line 12 in file p5.s
Comment: tamanio used once
1 symbol
343 symbols in table
