


ARM Macro Assembler    Page 1 


    1 00000000                 AREA             datos, DATA, READWRITE
    2 00000000 00000007 
              00000008 
              00000003 
              00000004 
              00000005 
              00000001 vector  DCD              7,8,3,4,5,1
    3 00000018 00000018 
                       long    EQU              24
    4 00000018         
    5 00000018                 AREA             prog, CODE, READONLY
    6 00000000         
    7 00000000                 ENTRY
    8 00000000         
    9 00000000 E59F0038        ldr              r0, =vector
   10 00000004 E3A01004        mov              r1, #4
   11 00000008 E3A02000 
                       buc_i   mov              r2, #0
   12 0000000C         
   13 0000000C E7903001 
                       buc     ldr              r3, [r0, r1]
   14 00000010 E7904002        ldr              r4, [r0, r2]
   15 00000014         
   16 00000014 E1530004        cmp              r3, r4
   17 00000018 AA000001        bge              noCambiar
   18 0000001C         
   19 0000001C E7804001        str              r4, [r0, r1]
   20 00000020 E7803002        str              r3, [r0, r2]
   21 00000024         
   22 00000024         noCambiar
   23 00000024 E2822004        add              r2, r2, #4
   24 00000028 E1520001        cmp              r2,r1
   25 0000002C BAFFFFF6        blt              buc
   26 00000030         
   27 00000030 E2811004        add              r1, r1, #4
   28 00000034 E3510018        cmp              r1, #long
   29 00000038 BAFFFFF2        blt              buc_i
   30 0000003C         
   31 0000003C EAFFFFFE 
                       fin     B                fin
   32 00000040         
   33 00000040                 END
              00000000 
Command Line: --debug --xref --apcs=interwork --depend=.\practica2_2.d -o.\prac
tica2_2.o -IC:\Keil\ARM\INC -IC:\Keil\ARM\INC\Philips --predefine="__EVAL SETA 
1" --list=.\practica2_2.lst ..\P2\P2_2-20240211T194642Z-001\P2_2\practica2_2.s



ARM Macro Assembler    Page 1 Alphabetic symbol ordering
Relocatable symbols

datos 00000000

Symbol: datos
   Definitions
      At line 1 in file ..\P2\P2_2-20240211T194642Z-001\P2_2\practica2_2.s
   Uses
      None
Comment: datos unused
vector 00000000

Symbol: vector
   Definitions
      At line 2 in file ..\P2\P2_2-20240211T194642Z-001\P2_2\practica2_2.s
   Uses
      At line 9 in file ..\P2\P2_2-20240211T194642Z-001\P2_2\practica2_2.s
Comment: vector used once
2 symbols



ARM Macro Assembler    Page 1 Alphabetic symbol ordering
Relocatable symbols

buc 0000000C

Symbol: buc
   Definitions
      At line 13 in file ..\P2\P2_2-20240211T194642Z-001\P2_2\practica2_2.s
   Uses
      At line 25 in file ..\P2\P2_2-20240211T194642Z-001\P2_2\practica2_2.s
Comment: buc used once
buc_i 00000008

Symbol: buc_i
   Definitions
      At line 11 in file ..\P2\P2_2-20240211T194642Z-001\P2_2\practica2_2.s
   Uses
      At line 29 in file ..\P2\P2_2-20240211T194642Z-001\P2_2\practica2_2.s
Comment: buc_i used once
fin 0000003C

Symbol: fin
   Definitions
      At line 31 in file ..\P2\P2_2-20240211T194642Z-001\P2_2\practica2_2.s
   Uses
      At line 31 in file ..\P2\P2_2-20240211T194642Z-001\P2_2\practica2_2.s
Comment: fin used once
noCambiar 00000024

Symbol: noCambiar
   Definitions
      At line 22 in file ..\P2\P2_2-20240211T194642Z-001\P2_2\practica2_2.s
   Uses
      At line 17 in file ..\P2\P2_2-20240211T194642Z-001\P2_2\practica2_2.s
Comment: noCambiar used once
prog 00000000

Symbol: prog
   Definitions
      At line 5 in file ..\P2\P2_2-20240211T194642Z-001\P2_2\practica2_2.s
   Uses
      None
Comment: prog unused
5 symbols



ARM Macro Assembler    Page 1 Alphabetic symbol ordering
Absolute symbols

long 00000018

Symbol: long
   Definitions
      At line 3 in file ..\P2\P2_2-20240211T194642Z-001\P2_2\practica2_2.s
   Uses
      At line 28 in file ..\P2\P2_2-20240211T194642Z-001\P2_2\practica2_2.s
Comment: long used once
1 symbol
334 symbols in table
